<?xml version="1.0" encoding="UTF-8"?>
<testsuite xmlns:xsi="http://www.w3.org/2001/XMLSchema-instance" xsi:schemaLocation="https://maven.apache.org/surefire/maven-surefire-plugin/xsd/surefire-test-report.xsd" name="com.surchx.transactionfeeapi.testsuite.AcceptanceTestSuite" time="204.787" tests="72" errors="0" skipped="0" failures="0">
  <properties>
[...]
</properties>
  <testcase name="1 - Verify Transaction Fee API call with different types of VISA cards with Paysafe7861 processor" classname="As a user" time="7.898"/>
  <testcase name="1 - Verify Transaction Fee API call with different types of VISA cards with Paysafe7861 processor" classname="As a user" time="5.923"/>
  <testcase name="1 - Verify Transaction Fee API call with different types of VISA cards with Paysafe7861 processor" classname="As a user" time="4.008"/>
  <testcase name="1 - Verify Transaction Fee API call with different types of VISA cards with Paysafe7861 processor" classname="As a user" time="3.399"/>
  <testcase name="1 - Verify Transaction Fee API call with different types of VISA cards with Paysafe7861 processor" classname="As a user" time="3.134"/>
  <testcase name="1 - Verify Transaction Fee API call with different types of VISA cards with Paysafe7861 processor" classname="As a user" time="2.226"/>
  <testcase name="1 - Verify Transaction Fee API call with different types of VISA cards with Paysafe7861 processor" classname="As a user" time="3.709"/>
  <testcase name="1 - Verify Transaction Fee API call with different types of VISA cards with Paysafe7861 processor" classname="As a user" time="2.972"/>
  <testcase name="1 - Verify Transaction Fee API call with different types of VISA cards with Paysafe7861 processor" classname="As a user" time="4.585"/>
  <testcase name="1 - Verify Transaction Fee API call with different types of VISA cards with Paysafe7861 processor" classname="As a user" time="14.695"/>
  <testcase name="2 - Verify Transaction Fee API call with different types of VISA cards with Paysafe9909 processor" classname="As a user" time="3.355"/>
  <testcase name="2 - Verify Transaction Fee API call with different types of VISA cards with Paysafe9909 processor" classname="As a user" time="1.031"/>
  <testcase name="2 - Verify Transaction Fee API call with different types of VISA cards with Paysafe9909 processor" classname="As a user" time="2.443"/>
  <testcase name="2 - Verify Transaction Fee API call with different types of VISA cards with Paysafe9909 processor" classname="As a user" time="7.33"/>
  <testcase name="2 - Verify Transaction Fee API call with different types of VISA cards with Paysafe9909 processor" classname="As a user" time="2.83"/>
  <testcase name="2 - Verify Transaction Fee API call with different types of VISA cards with Paysafe9909 processor" classname="As a user" time="1.491"/>
  <testcase name="2 - Verify Transaction Fee API call with different types of VISA cards with Paysafe9909 processor" classname="As a user" time="2.15"/>
  <testcase name="2 - Verify Transaction Fee API call with different types of VISA cards with Paysafe9909 processor" classname="As a user" time="2.719"/>
  <testcase name="2 - Verify Transaction Fee API call with different types of VISA cards with Paysafe9909 processor" classname="As a user" time="1.042"/>
  <testcase name="2 - Verify Transaction Fee API call with different types of VISA cards with Paysafe9909 processor" classname="As a user" time="2.145"/>
  <testcase name="3 - Verify Transaction Fee API call with different types of VISA cards with Titanium4994 processor" classname="As a user" time="2.311"/>
  <testcase name="3 - Verify Transaction Fee API call with different types of VISA cards with Titanium4994 processor" classname="As a user" time="6.436"/>
  <testcase name="3 - Verify Transaction Fee API call with different types of VISA cards with Titanium4994 processor" classname="As a user" time="9.474"/>
  <testcase name="3 - Verify Transaction Fee API call with different types of VISA cards with Titanium4994 processor" classname="As a user" time="2.999"/>
  <testcase name="3 - Verify Transaction Fee API call with different types of VISA cards with Titanium4994 processor" classname="As a user" time="7.495"/>
  <testcase name="3 - Verify Transaction Fee API call with different types of VISA cards with Titanium4994 processor" classname="As a user" time="5.065"/>
  <testcase name="3 - Verify Transaction Fee API call with different types of VISA cards with Titanium4994 processor" classname="As a user" time="4.442"/>
  <testcase name="3 - Verify Transaction Fee API call with different types of VISA cards with Titanium4994 processor" classname="As a user" time="2.387"/>
  <testcase name="3 - Verify Transaction Fee API call with different types of VISA cards with Titanium4994 processor" classname="As a user" time="2.243"/>
  <testcase name="3 - Verify Transaction Fee API call with different types of VISA cards with Titanium4994 processor" classname="As a user" time="5.499"/>
  <testcase name="4 - Verify Transaction Fee API call with different types of MASTERCARD with PAYSAFE7861 processor" classname="As a user" time="0.596"/>
  <testcase name="4 - Verify Transaction Fee API call with different types of MASTERCARD with PAYSAFE7861 processor" classname="As a user" time="0.351"/>
  <testcase name="4 - Verify Transaction Fee API call with different types of MASTERCARD with PAYSAFE7861 processor" classname="As a user" time="0.354"/>
  <testcase name="4 - Verify Transaction Fee API call with different types of MASTERCARD with PAYSAFE7861 processor" classname="As a user" time="0.343"/>
  <testcase name="4 - Verify Transaction Fee API call with different types of MASTERCARD with PAYSAFE7861 processor" classname="As a user" time="0.367"/>
  <testcase name="4 - Verify Transaction Fee API call with different types of MASTERCARD with PAYSAFE7861 processor" classname="As a user" time="0.571"/>
  <testcase name="4 - Verify Transaction Fee API call with different types of MASTERCARD with PAYSAFE7861 processor" classname="As a user" time="2.894"/>
  <testcase name="4 - Verify Transaction Fee API call with different types of MASTERCARD with PAYSAFE7861 processor" classname="As a user" time="3.646"/>
  <testcase name="5 - Verify Transaction Fee API call with different types of MASTERCARD with PAYSAFE9909 processor" classname="As a user" time="2.947"/>
  <testcase name="5 - Verify Transaction Fee API call with different types of MASTERCARD with PAYSAFE9909 processor" classname="As a user" time="1.81"/>
  <testcase name="5 - Verify Transaction Fee API call with different types of MASTERCARD with PAYSAFE9909 processor" classname="As a user" time="5.825"/>
  <testcase name="5 - Verify Transaction Fee API call with different types of MASTERCARD with PAYSAFE9909 processor" classname="As a user" time="1.179"/>
  <testcase name="5 - Verify Transaction Fee API call with different types of MASTERCARD with PAYSAFE9909 processor" classname="As a user" time="8.333"/>
  <testcase name="5 - Verify Transaction Fee API call with different types of MASTERCARD with PAYSAFE9909 processor" classname="As a user" time="3.332"/>
  <testcase name="5 - Verify Transaction Fee API call with different types of MASTERCARD with PAYSAFE9909 processor" classname="As a user" time="5.372"/>
  <testcase name="5 - Verify Transaction Fee API call with different types of MASTERCARD with PAYSAFE9909 processor" classname="As a user" time="2.093"/>
  <testcase name="6 - Verify Transaction Fee API call with different types of MASTERCARD with Titanium4994 processor" classname="As a user" time="2.198"/>
  <testcase name="6 - Verify Transaction Fee API call with different types of MASTERCARD with Titanium4994 processor" classname="As a user" time="0.359"/>
  <testcase name="6 - Verify Transaction Fee API call with different types of MASTERCARD with Titanium4994 processor" classname="As a user" time="0.355"/>
  <testcase name="6 - Verify Transaction Fee API call with different types of MASTERCARD with Titanium4994 processor" classname="As a user" time="0.631"/>
  <testcase name="6 - Verify Transaction Fee API call with different types of MASTERCARD with Titanium4994 processor" classname="As a user" time="0.356"/>
  <testcase name="6 - Verify Transaction Fee API call with different types of MASTERCARD with Titanium4994 processor" classname="As a user" time="0.359"/>
  <testcase name="6 - Verify Transaction Fee API call with different types of MASTERCARD with Titanium4994 processor" classname="As a user" time="4.081"/>
  <testcase name="6 - Verify Transaction Fee API call with different types of MASTERCARD with Titanium4994 processor" classname="As a user" time="3.199"/>
  <testcase name="7 - Verify Transaction Fee API call with different types of DISCOVER with PAYSAFE7861 processor" classname="As a user" time="4.368"/>
  <testcase name="7 - Verify Transaction Fee API call with different types of DISCOVER with PAYSAFE7861 processor" classname="As a user" time="2.512"/>
  <testcase name="7 - Verify Transaction Fee API call with different types of DISCOVER with PAYSAFE7861 processor" classname="As a user" time="1.015"/>
  <testcase name="7 - Verify Transaction Fee API call with different types of DISCOVER with PAYSAFE7861 processor" classname="As a user" time="1.745"/>
  <testcase name="8 - Verify Transaction Fee API call with different types of DISCOVER with PAYSAFE9909 processor" classname="As a user" time="1.2"/>
  <testcase name="8 - Verify Transaction Fee API call with different types of DISCOVER with PAYSAFE9909 processor" classname="As a user" time="0.354"/>
  <testcase name="8 - Verify Transaction Fee API call with different types of DISCOVER with PAYSAFE9909 processor" classname="As a user" time="0.369"/>
  <testcase name="8 - Verify Transaction Fee API call with different types of DISCOVER with PAYSAFE9909 processor" classname="As a user" time="0.441"/>
  <testcase name="9 - Verify Transaction Fee API call with different types of DISCOVER with Titanium4994 processor" classname="As a user" time="0.371"/>
  <testcase name="9 - Verify Transaction Fee API call with different types of DISCOVER with Titanium4994 processor" classname="As a user" time="0.352"/>
  <testcase name="9 - Verify Transaction Fee API call with different types of DISCOVER with Titanium4994 processor" classname="As a user" time="4.679"/>
  <testcase name="9 - Verify Transaction Fee API call with different types of DISCOVER with Titanium4994 processor" classname="As a user" time="2.791"/>
  <testcase name="10 - Verify Transaction Fee API call with different types of AMEX with PAYSAFE7861 processor" classname="As a user" time="0.959"/>
  <testcase name="10 - Verify Transaction Fee API call with different types of AMEX with PAYSAFE7861 processor" classname="As a user" time="1.312"/>
  <testcase name="11 - Verify Transaction Fee API call with different types of AMEX with PAYSAFE9909 processor" classname="As a user" time="0.453"/>
  <testcase name="11 - Verify Transaction Fee API call with different types of AMEX with PAYSAFE9909 processor" classname="As a user" time="0.435"/>
  <testcase name="12 - Verify Transaction Fee API call with different types of AMEX with Titanium4994 processor" classname="As a user" time="0.35"/>
  <testcase name="12 - Verify Transaction Fee API call with different types of AMEX with Titanium4994 processor" classname="As a user" time="0.45"/>
</testsuite>