<?xml version="1.0" encoding="UTF-8"?><testsuite errors="27" failures="0" name="As a user, I want to make call to get responce" skipped="0" tests="27" time="44.45" timestamp="2019-02-26 08:14:30"><testcase name="1 -A call to Transaction Fee API when NICN is NULL"><error type="java.lang.NullPointerException"/><system-err>null&#13;
com.surchx.transactionfeeapi.steps.TransactionFeeApiSteps.getResponse(TransactionFeeApiSteps.java:325)&#13;
com.surchx.transactionfeeapi.stepdefinitions.TransactionFeeStepDefinitions.getTheResponse(TransactionFeeStepDefinitions.java:32)&#13;
✽.Get the response(src/test/resources/features/commonscenarios/responces.feature:7)&#13;
</system-err></testcase><testcase name="2 -A call to Transaction Fee API when NICN is EMPTY"><error type="java.lang.NullPointerException"/><system-err>null&#13;
com.surchx.transactionfeeapi.steps.TransactionFeeApiSteps.getResponse(TransactionFeeApiSteps.java:325)&#13;
com.surchx.transactionfeeapi.stepdefinitions.TransactionFeeStepDefinitions.getTheResponse(TransactionFeeStepDefinitions.java:32)&#13;
✽.Get the response(src/test/resources/features/commonscenarios/responces.feature:13)&#13;
</system-err></testcase><testcase name="3 -A call to Transaction Fee API when NICN is just a SPACE"><error type="java.lang.NullPointerException"/><system-err>null&#13;
com.surchx.transactionfeeapi.steps.TransactionFeeApiSteps.getResponse(TransactionFeeApiSteps.java:325)&#13;
com.surchx.transactionfeeapi.stepdefinitions.TransactionFeeStepDefinitions.getTheResponse(TransactionFeeStepDefinitions.java:32)&#13;
✽.Get the response(src/test/resources/features/commonscenarios/responces.feature:19)&#13;
</system-err></testcase><testcase name="4 -A call to Transaction Fee API when NICN is SKIP"><error type="java.lang.NullPointerException"/><system-err>null&#13;
com.surchx.transactionfeeapi.steps.TransactionFeeApiSteps.getResponse(TransactionFeeApiSteps.java:325)&#13;
com.surchx.transactionfeeapi.stepdefinitions.TransactionFeeStepDefinitions.getTheResponse(TransactionFeeStepDefinitions.java:32)&#13;
✽.Get the response(src/test/resources/features/commonscenarios/responces.feature:25)&#13;
</system-err></testcase><testcase name="5 -A call to Transaction Fee API when NICN is invalid"><error type="java.lang.NullPointerException"/><system-err>null&#13;
com.surchx.transactionfeeapi.steps.TransactionFeeApiSteps.getResponse(TransactionFeeApiSteps.java:325)&#13;
com.surchx.transactionfeeapi.stepdefinitions.TransactionFeeStepDefinitions.getTheResponse(TransactionFeeStepDefinitions.java:32)&#13;
✽.Get the response(src/test/resources/features/commonscenarios/responces.feature:31)&#13;
</system-err></testcase><testcase name="6 -A call to Transaction Fee API when NICN is 16 digit (including the last four digits of a credit card)"><error type="java.lang.NullPointerException"/><system-err>null&#13;
com.surchx.transactionfeeapi.steps.TransactionFeeApiSteps.getResponse(TransactionFeeApiSteps.java:325)&#13;
com.surchx.transactionfeeapi.stepdefinitions.TransactionFeeStepDefinitions.getTheResponse(TransactionFeeStepDefinitions.java:32)&#13;
✽.Get the response(src/test/resources/features/commonscenarios/responces.feature:37)&#13;
</system-err></testcase><testcase name="7 -A call to Transaction Fee API when AMOUNT is sent in as a string and the value is NULL"><error type="java.lang.NullPointerException"/><system-err>null&#13;
com.surchx.transactionfeeapi.steps.TransactionFeeApiSteps.getResponse(TransactionFeeApiSteps.java:325)&#13;
com.surchx.transactionfeeapi.stepdefinitions.TransactionFeeStepDefinitions.getTheResponse(TransactionFeeStepDefinitions.java:32)&#13;
✽.Get the response(src/test/resources/features/commonscenarios/responces.feature:43)&#13;
</system-err></testcase><testcase name="8 -A call to Transaction Fee API when AMOUNT is SKIP"><error message="For input string: &quot;skip&quot;" type="java.lang.NumberFormatException">For input string: "skip"</error><system-err>For input string: "skip"&#13;
com.surchx.transactionfeeapi.steps.TransactionFeeApiSteps.loadTransactionFeeApiRequest(TransactionFeeApiSteps.java:66)&#13;
com.surchx.transactionfeeapi.stepdefinitions.TransactionFeeStepDefinitions.callTransactionFeeApi(TransactionFeeStepDefinitions.java:19)&#13;
✽.I call Transaction Fee API with the following data(src/test/resources/features/commonscenarios/responces.feature:46)&#13;
</system-err></testcase><testcase name="9 -A call to Transaction Fee API when AMOUNT is sent in as a string and the value is an alpha-numeric start and end with a number digit"><error message="For input string: &quot;1S@0&quot;" type="java.lang.NumberFormatException">For input string: "1S@0"</error><system-err>For input string: "1S@0"&#13;
com.surchx.transactionfeeapi.steps.TransactionFeeApiSteps.loadTransactionFeeApiRequest(TransactionFeeApiSteps.java:66)&#13;
com.surchx.transactionfeeapi.stepdefinitions.TransactionFeeStepDefinitions.callTransactionFeeApi(TransactionFeeStepDefinitions.java:19)&#13;
✽.I call Transaction Fee API with the following data(src/test/resources/features/commonscenarios/responces.feature:52)&#13;
</system-err></testcase><testcase name="10 -A call to Transaction Fee API when  AMOUNT is sent in as a string and the value is an alpha-numeric start with a letter"><error message="For input string: &quot;A^00&quot;" type="java.lang.NumberFormatException">For input string: "A^00"</error><system-err>For input string: "A^00"&#13;
com.surchx.transactionfeeapi.steps.TransactionFeeApiSteps.loadTransactionFeeApiRequest(TransactionFeeApiSteps.java:66)&#13;
com.surchx.transactionfeeapi.stepdefinitions.TransactionFeeStepDefinitions.callTransactionFeeApi(TransactionFeeStepDefinitions.java:19)&#13;
✽.I call Transaction Fee API with the following data(src/test/resources/features/commonscenarios/responces.feature:58)&#13;
</system-err></testcase><testcase name="11 -A call to Transaction Fee API when  AMOUNT is sent in as a string and the value is a space"><error message="For input string: &quot;%space%&quot;" type="java.lang.NumberFormatException">For input string: "%space%"</error><system-err>For input string: "%space%"&#13;
com.surchx.transactionfeeapi.steps.TransactionFeeApiSteps.loadTransactionFeeApiRequest(TransactionFeeApiSteps.java:66)&#13;
com.surchx.transactionfeeapi.stepdefinitions.TransactionFeeStepDefinitions.callTransactionFeeApi(TransactionFeeStepDefinitions.java:19)&#13;
✽.I call Transaction Fee API with the following data(src/test/resources/features/commonscenarios/responces.feature:64)&#13;
</system-err></testcase><testcase name="12 -A call to Transaction Fee API when  AMOUNT is sent in as a string and the value is a empty"><error message="For input string: &quot;empty&quot;" type="java.lang.NumberFormatException">For input string: "empty"</error><system-err>For input string: "empty"&#13;
com.surchx.transactionfeeapi.steps.TransactionFeeApiSteps.loadTransactionFeeApiRequest(TransactionFeeApiSteps.java:66)&#13;
com.surchx.transactionfeeapi.stepdefinitions.TransactionFeeStepDefinitions.callTransactionFeeApi(TransactionFeeStepDefinitions.java:19)&#13;
✽.I call Transaction Fee API with the following data(src/test/resources/features/commonscenarios/responces.feature:70)&#13;
</system-err></testcase><testcase name="13 -A call to Transaction Fee API when  AMOUNT is ZERO"><error type="java.lang.NullPointerException"/><system-err>null&#13;
com.surchx.transactionfeeapi.steps.TransactionFeeApiSteps.getResponse(TransactionFeeApiSteps.java:325)&#13;
com.surchx.transactionfeeapi.stepdefinitions.TransactionFeeStepDefinitions.getTheResponse(TransactionFeeStepDefinitions.java:32)&#13;
✽.Get the response(src/test/resources/features/commonscenarios/responces.feature:79)&#13;
</system-err></testcase><testcase name="14 -A call to Transaction Fee API when REGION is NULL"><error type="java.lang.NullPointerException"/><system-err>null&#13;
com.surchx.transactionfeeapi.steps.TransactionFeeApiSteps.getResponse(TransactionFeeApiSteps.java:325)&#13;
com.surchx.transactionfeeapi.stepdefinitions.TransactionFeeStepDefinitions.getTheResponse(TransactionFeeStepDefinitions.java:32)&#13;
✽.Get the response(src/test/resources/features/commonscenarios/responces.feature:85)&#13;
</system-err></testcase><testcase name="15 -A call to Transaction Fee API when REGION is EMPTY"><error type="java.lang.NullPointerException"/><system-err>null&#13;
com.surchx.transactionfeeapi.steps.TransactionFeeApiSteps.getResponse(TransactionFeeApiSteps.java:325)&#13;
com.surchx.transactionfeeapi.stepdefinitions.TransactionFeeStepDefinitions.getTheResponse(TransactionFeeStepDefinitions.java:32)&#13;
✽.Get the response(src/test/resources/features/commonscenarios/responces.feature:91)&#13;
</system-err></testcase><testcase name="16 -A call to Transaction Fee API when REGION is just a SPACE"><error type="java.lang.NullPointerException"/><system-err>null&#13;
com.surchx.transactionfeeapi.steps.TransactionFeeApiSteps.getResponse(TransactionFeeApiSteps.java:325)&#13;
com.surchx.transactionfeeapi.stepdefinitions.TransactionFeeStepDefinitions.getTheResponse(TransactionFeeStepDefinitions.java:32)&#13;
✽.Get the response(src/test/resources/features/commonscenarios/responces.feature:97)&#13;
</system-err></testcase><testcase name="17 -A call to Transaction Fee API when REGION is SKIP"><error type="java.lang.NullPointerException"/><system-err>null&#13;
com.surchx.transactionfeeapi.steps.TransactionFeeApiSteps.getResponse(TransactionFeeApiSteps.java:325)&#13;
com.surchx.transactionfeeapi.stepdefinitions.TransactionFeeStepDefinitions.getTheResponse(TransactionFeeStepDefinitions.java:32)&#13;
✽.Get the response(src/test/resources/features/commonscenarios/responces.feature:103)&#13;
</system-err></testcase><testcase name="18 -A call to Transaction Fee API when REGION is Alpha-numeric with special characters starting with a number"><error type="java.lang.NullPointerException"/><system-err>null&#13;
com.surchx.transactionfeeapi.steps.TransactionFeeApiSteps.getResponse(TransactionFeeApiSteps.java:325)&#13;
com.surchx.transactionfeeapi.stepdefinitions.TransactionFeeStepDefinitions.getTheResponse(TransactionFeeStepDefinitions.java:32)&#13;
✽.Get the response(src/test/resources/features/commonscenarios/responces.feature:109)&#13;
</system-err></testcase><testcase name="19 -A call to Transaction Fee API when REGION is Alpha-numeric with special characters starting with a letter"><error type="java.lang.NullPointerException"/><system-err>null&#13;
com.surchx.transactionfeeapi.steps.TransactionFeeApiSteps.getResponse(TransactionFeeApiSteps.java:325)&#13;
com.surchx.transactionfeeapi.stepdefinitions.TransactionFeeStepDefinitions.getTheResponse(TransactionFeeStepDefinitions.java:32)&#13;
✽.Get the response(src/test/resources/features/commonscenarios/responces.feature:115)&#13;
</system-err></testcase><testcase name="20 -A call to Transaction Fee API when REGION is an invalid zipcode"><error type="java.lang.NullPointerException"/><system-err>null&#13;
com.surchx.transactionfeeapi.steps.TransactionFeeApiSteps.getResponse(TransactionFeeApiSteps.java:325)&#13;
com.surchx.transactionfeeapi.stepdefinitions.TransactionFeeStepDefinitions.getTheResponse(TransactionFeeStepDefinitions.java:32)&#13;
✽.Get the response(src/test/resources/features/commonscenarios/responces.feature:121)&#13;
</system-err></testcase><testcase name="21 -A call to Transaction Fee API when REGION is a valid non-US zipcode"><error type="java.lang.NullPointerException"/><system-err>null&#13;
com.surchx.transactionfeeapi.steps.TransactionFeeApiSteps.getResponse(TransactionFeeApiSteps.java:325)&#13;
com.surchx.transactionfeeapi.stepdefinitions.TransactionFeeStepDefinitions.getTheResponse(TransactionFeeStepDefinitions.java:32)&#13;
✽.Get the response(src/test/resources/features/commonscenarios/responces.feature:127)&#13;
</system-err></testcase><testcase name="22 -A call to Transaction Fee API when REGION is 1-2 digits"><error type="java.lang.NullPointerException"/><system-err>null&#13;
com.surchx.transactionfeeapi.steps.TransactionFeeApiSteps.getResponse(TransactionFeeApiSteps.java:325)&#13;
com.surchx.transactionfeeapi.stepdefinitions.TransactionFeeStepDefinitions.getTheResponse(TransactionFeeStepDefinitions.java:32)&#13;
✽.Get the response(src/test/resources/features/commonscenarios/responces.feature:133)&#13;
</system-err></testcase><testcase name="23 -A call to Transaction Fee API when REGION is 6-8 digits"><error type="java.lang.NullPointerException"/><system-err>null&#13;
com.surchx.transactionfeeapi.steps.TransactionFeeApiSteps.getResponse(TransactionFeeApiSteps.java:325)&#13;
com.surchx.transactionfeeapi.stepdefinitions.TransactionFeeStepDefinitions.getTheResponse(TransactionFeeStepDefinitions.java:32)&#13;
✽.Get the response(src/test/resources/features/commonscenarios/responces.feature:139)&#13;
</system-err></testcase><testcase name="24 -A call to Transaction Fee API when PROCESSOR is NULL"><error type="java.lang.NullPointerException"/><system-err>null&#13;
com.surchx.transactionfeeapi.steps.TransactionFeeApiSteps.getResponse(TransactionFeeApiSteps.java:315)&#13;
com.surchx.transactionfeeapi.stepdefinitions.TransactionFeeStepDefinitions.getTheResponse(TransactionFeeStepDefinitions.java:32)&#13;
✽.Get the response(src/test/resources/features/commonscenarios/responces.feature:144)&#13;
</system-err></testcase><testcase name="25 -A call to Transaction Fee API when PROCESSOR is EMPTY"><error type="java.lang.NullPointerException"/><system-err>null&#13;
com.surchx.transactionfeeapi.steps.TransactionFeeApiSteps.getResponse(TransactionFeeApiSteps.java:325)&#13;
com.surchx.transactionfeeapi.stepdefinitions.TransactionFeeStepDefinitions.getTheResponse(TransactionFeeStepDefinitions.java:32)&#13;
✽.Get the response(src/test/resources/features/commonscenarios/responces.feature:150)&#13;
</system-err></testcase><testcase name="26 -A call to Transaction Fee API when PROCESSOR is just a SPACE"><error type="java.lang.NullPointerException"/><system-err>null&#13;
com.surchx.transactionfeeapi.steps.TransactionFeeApiSteps.getResponse(TransactionFeeApiSteps.java:325)&#13;
com.surchx.transactionfeeapi.stepdefinitions.TransactionFeeStepDefinitions.getTheResponse(TransactionFeeStepDefinitions.java:32)&#13;
✽.Get the response(src/test/resources/features/commonscenarios/responces.feature:156)&#13;
</system-err></testcase><testcase name="27 -A call to Transaction Fee API when PROCESSOR is SKIP"><error type="java.lang.NullPointerException"/><system-err>null&#13;
com.surchx.transactionfeeapi.steps.TransactionFeeApiSteps.getResponse(TransactionFeeApiSteps.java:325)&#13;
com.surchx.transactionfeeapi.stepdefinitions.TransactionFeeStepDefinitions.getTheResponse(TransactionFeeStepDefinitions.java:32)&#13;
✽.Get the response(src/test/resources/features/commonscenarios/responces.feature:162)&#13;
</system-err></testcase></testsuite>