<?xml version="1.0" encoding="UTF-8"?><testsuite errors="3" failures="22" name="As a user, I want to see an unsuccessful call to the TransactionFee API So that I can verify that the functionality is as expected" skipped="0" tests="25" time="158.92" timestamp="2019-02-26 01:08:32"><testcase name="1 - Verify the transaction fee api call is unsucessful when NICN is NULL"><failure message="Http status code is not as expected expected:&lt;201&gt; but was:&lt;400&gt;" type="java.lang.AssertionError">Http status code is not as expected expected:&lt;201&gt; but was:&lt;400&gt;</failure><system-err>Http status code is not as expected expected:&lt;201&gt; but was:&lt;400&gt;&#13;
com.surchx.transactionfeeapi.steps.TransactionFeeApiSteps.verifyResponse(TransactionFeeApiSteps.java:298)&#13;
com.surchx.transactionfeeapi.stepdefinitions.TransactionFeeStepDefinitions.verifyTheResponse(TransactionFeeStepDefinitions.java:26)&#13;
✽.Verify the response is as follows(src/test/resources/features/commonscenarios/transaction_fee_api_failure_scenarios.feature:7)&#13;
</system-err></testcase><testcase name="2 - Verify the transaction fee api call is unsucessful when NICN is EMPTY"><failure message="Http status code is not as expected expected:&lt;201&gt; but was:&lt;400&gt;" type="java.lang.AssertionError">Http status code is not as expected expected:&lt;201&gt; but was:&lt;400&gt;</failure><system-err>Http status code is not as expected expected:&lt;201&gt; but was:&lt;400&gt;&#13;
com.surchx.transactionfeeapi.steps.TransactionFeeApiSteps.verifyResponse(TransactionFeeApiSteps.java:298)&#13;
com.surchx.transactionfeeapi.stepdefinitions.TransactionFeeStepDefinitions.verifyTheResponse(TransactionFeeStepDefinitions.java:26)&#13;
✽.Verify the response is as follows(src/test/resources/features/commonscenarios/transaction_fee_api_failure_scenarios.feature:15)&#13;
</system-err></testcase><testcase name="3 - Verify the transaction fee api call is unsucessful when NICN is just a SPACE"><failure message="Message is not as expected" type="java.lang.AssertionError">Message is not as expected</failure><system-err>Message is not as expected&#13;
com.surchx.transactionfeeapi.steps.TransactionFeeApiSteps.verifyResponse(TransactionFeeApiSteps.java:306)&#13;
com.surchx.transactionfeeapi.stepdefinitions.TransactionFeeStepDefinitions.verifyTheResponse(TransactionFeeStepDefinitions.java:26)&#13;
✽.Verify the response is as follows(src/test/resources/features/commonscenarios/transaction_fee_api_failure_scenarios.feature:23)&#13;
</system-err></testcase><testcase name="4 - Verify the transaction fee api call is unsucessful when NICN is SKIP"><failure message="Http status code is not as expected expected:&lt;201&gt; but was:&lt;400&gt;" type="java.lang.AssertionError">Http status code is not as expected expected:&lt;201&gt; but was:&lt;400&gt;</failure><system-err>Http status code is not as expected expected:&lt;201&gt; but was:&lt;400&gt;&#13;
com.surchx.transactionfeeapi.steps.TransactionFeeApiSteps.verifyResponse(TransactionFeeApiSteps.java:298)&#13;
com.surchx.transactionfeeapi.stepdefinitions.TransactionFeeStepDefinitions.verifyTheResponse(TransactionFeeStepDefinitions.java:26)&#13;
✽.Verify the response is as follows(src/test/resources/features/commonscenarios/transaction_fee_api_failure_scenarios.feature:31)&#13;
</system-err></testcase><testcase name="5 - Verify the transaction fee api call is unsucessful when NICN is invalid"><failure message="Sid is null" type="java.lang.AssertionError">Sid is null</failure><system-err>Sid is null&#13;
com.surchx.transactionfeeapi.steps.TransactionFeeApiSteps.verifyResponse(TransactionFeeApiSteps.java:303)&#13;
com.surchx.transactionfeeapi.stepdefinitions.TransactionFeeStepDefinitions.verifyTheResponse(TransactionFeeStepDefinitions.java:26)&#13;
✽.Verify the response is as follows(src/test/resources/features/commonscenarios/transaction_fee_api_failure_scenarios.feature:39)&#13;
</system-err></testcase><testcase name="6 - Verify the transaction fee api call is unsucessful when NICN is 16 digit (including the last four digits of a credit card)"><failure message="Sid is null" type="java.lang.AssertionError">Sid is null</failure><system-err>Sid is null&#13;
com.surchx.transactionfeeapi.steps.TransactionFeeApiSteps.verifyResponse(TransactionFeeApiSteps.java:303)&#13;
com.surchx.transactionfeeapi.stepdefinitions.TransactionFeeStepDefinitions.verifyTheResponse(TransactionFeeStepDefinitions.java:26)&#13;
✽.Verify the response is as follows(src/test/resources/features/commonscenarios/transaction_fee_api_failure_scenarios.feature:47)&#13;
</system-err></testcase><testcase name="7 - Verify the transaction fee api call is unsucessful when AMOUNT is NULL"><failure message="Message is not as expected" type="java.lang.AssertionError">Message is not as expected</failure><system-err>Message is not as expected&#13;
com.surchx.transactionfeeapi.steps.TransactionFeeApiSteps.verifyResponse(TransactionFeeApiSteps.java:306)&#13;
com.surchx.transactionfeeapi.stepdefinitions.TransactionFeeStepDefinitions.verifyTheResponse(TransactionFeeStepDefinitions.java:26)&#13;
✽.Verify the response is as follows(src/test/resources/features/commonscenarios/transaction_fee_api_failure_scenarios.feature:55)&#13;
</system-err></testcase><testcase name="10 - Verify the transaction fee api call is unsucessful when AMOUNT is SKIP"><error message="For input string: &quot;skip&quot;" type="java.lang.NumberFormatException">For input string: "skip"</error><system-err>For input string: "skip"&#13;
com.surchx.transactionfeeapi.steps.TransactionFeeApiSteps.loadTransactionFeeApiRequest(TransactionFeeApiSteps.java:66)&#13;
com.surchx.transactionfeeapi.stepdefinitions.TransactionFeeStepDefinitions.callTransactionFeeApi(TransactionFeeStepDefinitions.java:19)&#13;
✽.I call Transaction Fee API with the following data(src/test/resources/features/commonscenarios/transaction_fee_api_failure_scenarios.feature:60)&#13;
</system-err></testcase><testcase name="11 - Verify the transaction fee api call is unsucessful when AMOUNT is an alpha-numeric start and end with a number digit"><error message="For input string: &quot;1.0y34&quot;" type="java.lang.NumberFormatException">For input string: "1.0y34"</error><system-err>For input string: "1.0y34"&#13;
com.surchx.transactionfeeapi.steps.TransactionFeeApiSteps.loadTransactionFeeApiRequest(TransactionFeeApiSteps.java:66)&#13;
com.surchx.transactionfeeapi.stepdefinitions.TransactionFeeStepDefinitions.callTransactionFeeApi(TransactionFeeStepDefinitions.java:19)&#13;
✽.I call Transaction Fee API with the following data(src/test/resources/features/commonscenarios/transaction_fee_api_failure_scenarios.feature:68)&#13;
</system-err></testcase><testcase name="12 - Verify the transaction fee api call is unsucessful when AMOUNT is an alpha-numeric start with a letter"><error message="For input string: &quot;y456&quot;" type="java.lang.NumberFormatException">For input string: "y456"</error><system-err>For input string: "y456"&#13;
com.surchx.transactionfeeapi.steps.TransactionFeeApiSteps.loadTransactionFeeApiRequest(TransactionFeeApiSteps.java:66)&#13;
com.surchx.transactionfeeapi.stepdefinitions.TransactionFeeStepDefinitions.callTransactionFeeApi(TransactionFeeStepDefinitions.java:19)&#13;
✽.I call Transaction Fee API with the following data(src/test/resources/features/commonscenarios/transaction_fee_api_failure_scenarios.feature:76)&#13;
</system-err></testcase><testcase name="13 - Verify the transaction fee api call is unsucessful when REGION is NULL"><failure message="Http status code is not as expected expected:&lt;201&gt; but was:&lt;400&gt;" type="java.lang.AssertionError">Http status code is not as expected expected:&lt;201&gt; but was:&lt;400&gt;</failure><system-err>Http status code is not as expected expected:&lt;201&gt; but was:&lt;400&gt;&#13;
com.surchx.transactionfeeapi.steps.TransactionFeeApiSteps.verifyResponse(TransactionFeeApiSteps.java:298)&#13;
com.surchx.transactionfeeapi.stepdefinitions.TransactionFeeStepDefinitions.verifyTheResponse(TransactionFeeStepDefinitions.java:26)&#13;
✽.Verify the response is as follows(src/test/resources/features/commonscenarios/transaction_fee_api_failure_scenarios.feature:87)&#13;
</system-err></testcase><testcase name="14 - Verify the transaction fee api call is unsucessful when REGION is EMPTY"><failure message="Http status code is not as expected expected:&lt;201&gt; but was:&lt;400&gt;" type="java.lang.AssertionError">Http status code is not as expected expected:&lt;201&gt; but was:&lt;400&gt;</failure><system-err>Http status code is not as expected expected:&lt;201&gt; but was:&lt;400&gt;&#13;
com.surchx.transactionfeeapi.steps.TransactionFeeApiSteps.verifyResponse(TransactionFeeApiSteps.java:298)&#13;
com.surchx.transactionfeeapi.stepdefinitions.TransactionFeeStepDefinitions.verifyTheResponse(TransactionFeeStepDefinitions.java:26)&#13;
✽.Verify the response is as follows(src/test/resources/features/commonscenarios/transaction_fee_api_failure_scenarios.feature:95)&#13;
</system-err></testcase><testcase name="15 - Verify the transaction fee api call is unsucessful when REGION is just a SPACE"><failure message="Http status code is not as expected expected:&lt;201&gt; but was:&lt;400&gt;" type="java.lang.AssertionError">Http status code is not as expected expected:&lt;201&gt; but was:&lt;400&gt;</failure><system-err>Http status code is not as expected expected:&lt;201&gt; but was:&lt;400&gt;&#13;
com.surchx.transactionfeeapi.steps.TransactionFeeApiSteps.verifyResponse(TransactionFeeApiSteps.java:298)&#13;
com.surchx.transactionfeeapi.stepdefinitions.TransactionFeeStepDefinitions.verifyTheResponse(TransactionFeeStepDefinitions.java:26)&#13;
✽.Verify the response is as follows(src/test/resources/features/commonscenarios/transaction_fee_api_failure_scenarios.feature:103)&#13;
</system-err></testcase><testcase name="16 - Verify the transaction fee api call is unsucessful when REGION is SKIP"><failure message="Http status code is not as expected expected:&lt;201&gt; but was:&lt;400&gt;" type="java.lang.AssertionError">Http status code is not as expected expected:&lt;201&gt; but was:&lt;400&gt;</failure><system-err>Http status code is not as expected expected:&lt;201&gt; but was:&lt;400&gt;&#13;
com.surchx.transactionfeeapi.steps.TransactionFeeApiSteps.verifyResponse(TransactionFeeApiSteps.java:298)&#13;
com.surchx.transactionfeeapi.stepdefinitions.TransactionFeeStepDefinitions.verifyTheResponse(TransactionFeeStepDefinitions.java:26)&#13;
✽.Verify the response is as follows(src/test/resources/features/commonscenarios/transaction_fee_api_failure_scenarios.feature:111)&#13;
</system-err></testcase><testcase name="17 - Verify the transaction fee api call is unsucessful when REGION is Alpha-numeric with special characters starting with a number"><failure message="Http status code is not as expected expected:&lt;201&gt; but was:&lt;400&gt;" type="java.lang.AssertionError">Http status code is not as expected expected:&lt;201&gt; but was:&lt;400&gt;</failure><system-err>Http status code is not as expected expected:&lt;201&gt; but was:&lt;400&gt;&#13;
com.surchx.transactionfeeapi.steps.TransactionFeeApiSteps.verifyResponse(TransactionFeeApiSteps.java:298)&#13;
com.surchx.transactionfeeapi.stepdefinitions.TransactionFeeStepDefinitions.verifyTheResponse(TransactionFeeStepDefinitions.java:26)&#13;
✽.Verify the response is as follows(src/test/resources/features/commonscenarios/transaction_fee_api_failure_scenarios.feature:119)&#13;
</system-err></testcase><testcase name="18 - Verify the transaction fee api call is unsucessful when REGION is Alpha-numeric with special characters starting with a letter"><failure message="Http status code is not as expected expected:&lt;201&gt; but was:&lt;400&gt;" type="java.lang.AssertionError">Http status code is not as expected expected:&lt;201&gt; but was:&lt;400&gt;</failure><system-err>Http status code is not as expected expected:&lt;201&gt; but was:&lt;400&gt;&#13;
com.surchx.transactionfeeapi.steps.TransactionFeeApiSteps.verifyResponse(TransactionFeeApiSteps.java:298)&#13;
com.surchx.transactionfeeapi.stepdefinitions.TransactionFeeStepDefinitions.verifyTheResponse(TransactionFeeStepDefinitions.java:26)&#13;
✽.Verify the response is as follows(src/test/resources/features/commonscenarios/transaction_fee_api_failure_scenarios.feature:127)&#13;
</system-err></testcase><testcase name="19 - Verify the transaction fee api call is unsucessful when REGION is an invalid zipcode"><failure message="Http status code is not as expected expected:&lt;201&gt; but was:&lt;400&gt;" type="java.lang.AssertionError">Http status code is not as expected expected:&lt;201&gt; but was:&lt;400&gt;</failure><system-err>Http status code is not as expected expected:&lt;201&gt; but was:&lt;400&gt;&#13;
com.surchx.transactionfeeapi.steps.TransactionFeeApiSteps.verifyResponse(TransactionFeeApiSteps.java:298)&#13;
com.surchx.transactionfeeapi.stepdefinitions.TransactionFeeStepDefinitions.verifyTheResponse(TransactionFeeStepDefinitions.java:26)&#13;
✽.Verify the response is as follows(src/test/resources/features/commonscenarios/transaction_fee_api_failure_scenarios.feature:135)&#13;
</system-err></testcase><testcase name="20 - Verify the transaction fee api call is unsucessful when REGION is a valid non-US zipcode"><failure message="Http status code is not as expected expected:&lt;201&gt; but was:&lt;400&gt;" type="java.lang.AssertionError">Http status code is not as expected expected:&lt;201&gt; but was:&lt;400&gt;</failure><system-err>Http status code is not as expected expected:&lt;201&gt; but was:&lt;400&gt;&#13;
com.surchx.transactionfeeapi.steps.TransactionFeeApiSteps.verifyResponse(TransactionFeeApiSteps.java:298)&#13;
com.surchx.transactionfeeapi.stepdefinitions.TransactionFeeStepDefinitions.verifyTheResponse(TransactionFeeStepDefinitions.java:26)&#13;
✽.Verify the response is as follows(src/test/resources/features/commonscenarios/transaction_fee_api_failure_scenarios.feature:143)&#13;
</system-err></testcase><testcase name="21 - Verify the transaction fee api call is unsucessful when REGION is 1-2 digits"><failure message="Http status code is not as expected expected:&lt;201&gt; but was:&lt;400&gt;" type="java.lang.AssertionError">Http status code is not as expected expected:&lt;201&gt; but was:&lt;400&gt;</failure><system-err>Http status code is not as expected expected:&lt;201&gt; but was:&lt;400&gt;&#13;
com.surchx.transactionfeeapi.steps.TransactionFeeApiSteps.verifyResponse(TransactionFeeApiSteps.java:298)&#13;
com.surchx.transactionfeeapi.stepdefinitions.TransactionFeeStepDefinitions.verifyTheResponse(TransactionFeeStepDefinitions.java:26)&#13;
✽.Verify the response is as follows(src/test/resources/features/commonscenarios/transaction_fee_api_failure_scenarios.feature:151)&#13;
</system-err></testcase><testcase name="22 - Verify the transaction fee api call is unsucessful when REGION is 6-8 digits"><failure message="Sid is null" type="java.lang.AssertionError">Sid is null</failure><system-err>Sid is null&#13;
com.surchx.transactionfeeapi.steps.TransactionFeeApiSteps.verifyResponse(TransactionFeeApiSteps.java:303)&#13;
com.surchx.transactionfeeapi.stepdefinitions.TransactionFeeStepDefinitions.verifyTheResponse(TransactionFeeStepDefinitions.java:26)&#13;
✽.Verify the response is as follows(src/test/resources/features/commonscenarios/transaction_fee_api_failure_scenarios.feature:159)&#13;
</system-err></testcase><testcase name="23 - Verify the transaction fee api call is unsucessful when PROCESSOR is NULL"><failure message="Sid is null" type="java.lang.AssertionError">Sid is null</failure><system-err>Sid is null&#13;
com.surchx.transactionfeeapi.steps.TransactionFeeApiSteps.verifyResponse(TransactionFeeApiSteps.java:303)&#13;
com.surchx.transactionfeeapi.stepdefinitions.TransactionFeeStepDefinitions.verifyTheResponse(TransactionFeeStepDefinitions.java:26)&#13;
✽.Verify the response is as follows(src/test/resources/features/commonscenarios/transaction_fee_api_failure_scenarios.feature:167)&#13;
</system-err></testcase><testcase name="24 - Verify the transaction fee api call is unsucessful when PROCESSOR is EMPTY"><failure message="Sid is null" type="java.lang.AssertionError">Sid is null</failure><system-err>Sid is null&#13;
com.surchx.transactionfeeapi.steps.TransactionFeeApiSteps.verifyResponse(TransactionFeeApiSteps.java:303)&#13;
com.surchx.transactionfeeapi.stepdefinitions.TransactionFeeStepDefinitions.verifyTheResponse(TransactionFeeStepDefinitions.java:26)&#13;
✽.Verify the response is as follows(src/test/resources/features/commonscenarios/transaction_fee_api_failure_scenarios.feature:175)&#13;
</system-err></testcase><testcase name="25 - Verify the transaction fee api call is unsucessful when PROCESSOR is just a SPACE"><failure message="Http status code is not as expected expected:&lt;201&gt; but was:&lt;400&gt;" type="java.lang.AssertionError">Http status code is not as expected expected:&lt;201&gt; but was:&lt;400&gt;</failure><system-err>Http status code is not as expected expected:&lt;201&gt; but was:&lt;400&gt;&#13;
com.surchx.transactionfeeapi.steps.TransactionFeeApiSteps.verifyResponse(TransactionFeeApiSteps.java:298)&#13;
com.surchx.transactionfeeapi.stepdefinitions.TransactionFeeStepDefinitions.verifyTheResponse(TransactionFeeStepDefinitions.java:26)&#13;
✽.Verify the response is as follows(src/test/resources/features/commonscenarios/transaction_fee_api_failure_scenarios.feature:183)&#13;
</system-err></testcase><testcase name="26 - Verify the transaction fee api call is unsucessful when PROCESSOR is SKIP"><failure message="Sid is null" type="java.lang.AssertionError">Sid is null</failure><system-err>Sid is null&#13;
com.surchx.transactionfeeapi.steps.TransactionFeeApiSteps.verifyResponse(TransactionFeeApiSteps.java:303)&#13;
com.surchx.transactionfeeapi.stepdefinitions.TransactionFeeStepDefinitions.verifyTheResponse(TransactionFeeStepDefinitions.java:26)&#13;
✽.Verify the response is as follows(src/test/resources/features/commonscenarios/transaction_fee_api_failure_scenarios.feature:191)&#13;
</system-err></testcase><testcase name="27 - Verify the transaction fee api call is unsucessful when PROCESSOR is Invalid"><failure message="Sid is null" type="java.lang.AssertionError">Sid is null</failure><system-err>Sid is null&#13;
com.surchx.transactionfeeapi.steps.TransactionFeeApiSteps.verifyResponse(TransactionFeeApiSteps.java:303)&#13;
com.surchx.transactionfeeapi.stepdefinitions.TransactionFeeStepDefinitions.verifyTheResponse(TransactionFeeStepDefinitions.java:26)&#13;
✽.Verify the response is as follows(src/test/resources/features/commonscenarios/transaction_fee_api_failure_scenarios.feature:199)&#13;
</system-err></testcase></testsuite>