<?xml version="1.0" encoding="UTF-8"?><testsuite errors="0" failures="27" name="As a user" skipped="0" tests="108" time="29.03" timestamp="2019-02-19 02:03:05"><testcase name="1 - Verify Transaction Fee API call with different types of VISA cards with Paysafe7861 processor"/><testcase name="2 - Verify Transaction Fee API call with different types of VISA cards with Paysafe9909 processor"/><testcase name="3 - Verify Transaction Fee API call with different types of VISA cards with Titanium4994 processor"/><testcase name="4 - Verify Transaction Fee API call with different types of MASTERCARD with PAYSAFE7861 processor"/><testcase name="5 - Verify Transaction Fee API call with different types of MASTERCARD with PAYSAFE9909 processor"/><testcase name="6 - Verify Transaction Fee API call with different types of MASTERCARD with Titanium4994 processor"/><testcase name="7 - Verify Transaction Fee API call with different types of DISCOVER with PAYSAFE7861 processor"/><testcase name="8 - Verify Transaction Fee API call with different types of DISCOVER with PAYSAFE9909 processor"/><testcase name="9 - Verify Transaction Fee API call with different types of DISCOVER with Titanium4994 processor"/><testcase name="10 - Verify Transaction Fee API call with different types of AMEX with PAYSAFE7861 processor"/><testcase name="11 - Verify Transaction Fee API call with different types of AMEX with PAYSAFE9909 processor"/><testcase name="12 - Verify Transaction Fee API call with different types of AMEX with Titanium4994 processor"/><testcase name="13 - Verify Surchx Fee and transaction fee with different combinations of data"/><testcase name="14 - Verify Surchx Fee and transaction fee with Virgin Island zip code and differnt types of cards (country code and region mismatch)"><failure message="Transaction Fee is not as expected expected:&lt;0.0&gt; but was:&lt;2.0&gt;" type="java.lang.AssertionError">Transaction Fee is not as expected expected:&lt;0.0&gt; but was:&lt;2.0&gt;</failure><system-err>Transaction Fee is not as expected expected:&lt;0.0&gt; but was:&lt;2.0&gt;&#13;
com.surchx.transactionfeeapi.steps.TransactionFeeApiSteps.verifyResponse(TransactionFeeApiSteps.java:241)&#13;
com.surchx.transactionfeeapi.stepdefinitions.TransactionFeeStepDefinitions.verifyTheResponse(TransactionFeeStepDefinitions.java:26)&#13;
✽.Verify the response is as follows(src/test/resources/features/coastlineproducts/interchange_plus_scenarios/interchange_plus_success_scenarios.feature:233)&#13;
</system-err></testcase><testcase name="15 - Verify Surchx Fee and transaction fee with different Virgin Island zipcodes(country code and region mismatch)"><failure message="Transaction Fee is not as expected expected:&lt;0.0&gt; but was:&lt;2.0&gt;" type="java.lang.AssertionError">Transaction Fee is not as expected expected:&lt;0.0&gt; but was:&lt;2.0&gt;</failure><system-err>Transaction Fee is not as expected expected:&lt;0.0&gt; but was:&lt;2.0&gt;&#13;
com.surchx.transactionfeeapi.steps.TransactionFeeApiSteps.verifyResponse(TransactionFeeApiSteps.java:241)&#13;
com.surchx.transactionfeeapi.stepdefinitions.TransactionFeeStepDefinitions.verifyTheResponse(TransactionFeeStepDefinitions.java:26)&#13;
✽.Verify the response is as follows(src/test/resources/features/coastlineproducts/interchange_plus_scenarios/interchange_plus_success_scenarios.feature:253)&#13;
</system-err></testcase><testcase name="16 - Verify Surchx Fee and transaction fee with country code as Non-US country code and region 11801"><failure message="Transaction Fee is not as expected expected:&lt;2.0&gt; but was:&lt;0.0&gt;" type="java.lang.AssertionError">Transaction Fee is not as expected expected:&lt;2.0&gt; but was:&lt;0.0&gt;</failure><system-err>Transaction Fee is not as expected expected:&lt;2.0&gt; but was:&lt;0.0&gt;&#13;
com.surchx.transactionfeeapi.steps.TransactionFeeApiSteps.verifyResponse(TransactionFeeApiSteps.java:241)&#13;
com.surchx.transactionfeeapi.stepdefinitions.TransactionFeeStepDefinitions.verifyTheResponse(TransactionFeeStepDefinitions.java:26)&#13;
✽.Verify the response is as follows(src/test/resources/features/coastlineproducts/interchange_plus_scenarios/interchange_plus_success_scenarios.feature:280)&#13;
</system-err></testcase></testsuite>